<br clear='all' /><br clear='all' />
<script type='text/javascript'>
$(function () {
    $('#container').highcharts({
        colors: ['#09093b', '#1a1a59', '#801515', '#550000'],
        chart: {
            type: 'column'
        },

        title: {
            text: 'Timeline'
        },

        xAxis: {
            categories: ['0000-00-00 00:00:00','2000-05-00 00:00:00','2000-05-01 00:00:00','2000-05-02 00:00:00','2000-05-03 00:00:00','2000-05-04 00:00:00','2000-05-05 00:00:00','2000-05-06 00:00:00','2000-05-07 00:00:00','2000-05-08 00:00:00','2000-05-09 00:00:00','2000-05-10 00:00:00','2000-05-11 00:00:00','2000-05-12 00:00:00','2000-05-13 00:00:00','2000-05-14 00:00:00','2000-05-15 00:00:00','2000-05-16 00:00:00','2000-05-17 00:00:00','2000-05-18 00:00:00','2000-05-19 00:00:00','2000-05-20 00:00:00','2000-05-21 00:00:00','2000-05-22 00:00:00','2000-05-23 00:00:00','2000-05-24 00:00:00','2000-05-25 00:00:00','2000-05-26 00:00:00','2000-05-27 00:00:00','2000-05-28 00:00:00','2000-05-29 00:00:00','2000-05-30 00:00:00','2000-05-31 00:00:00']
        },

        yAxis: {
            allowDecimals: false,
            min: 0,
            title: {
                text: 'Number of Tweets'
            }
        },

        tooltip: {
            formatter: function () {
                return '<b>' + this.x + '</b><br/>' +
                    this.series.name + ': ' + this.y + '<br/>' +
                    'Total: ' + this.point.stackTotal;
            }
        },

        plotOptions: {
            column: {
                stacking: 'normal'
            }
        },

        series: [{
            name: 'Relaxed',
            data: [6,0,0,0,0,0,0,0,0,0,0,0,0,0,0,0,0,1,1,0,0,0,0,0,0,0,0,0,0,0,0,0,0],
            stack: 'col1'
        }, {
            name: 'Happy',
            data: [7,0,1,0,1,1,1,1,0,0,0,1,0,1,0,0,0,0,0,1,0,0,0,0,0,0,0,0,0,0,0,0,0],
            stack: 'col1'
        }, {
            name: 'Unhappy',
            data: [2,0,0,0,0,0,0,0,0,0,0,0,0,0,1,0,0,0,0,0,0,0,1,0,0,0,0,0,0,0,0,0,0],
            stack: 'col2'
        }, {
            name: 'Upset',
            data: [33,1,0,1,0,0,0,0,1,1,1,0,1,0,0,1,1,0,0,0,1,1,0,1,1,1,1,1,1,1,1,1,1],
            stack: 'col2'
        }]
    });
});
</script>

<script src='js/highcharts.js'></script>
<script src='js/modules/exporting.js'></script>

<div id='container' style='min-width: 600px; height: 400px; margin: 0 auto'></div>